<?xml version="1.0" encoding="UTF-8"?>
<!-- Generated by org.testng.reporters.JUnitXMLReporter -->
<testsuite ignored="12" hostname="DESKTOP-0AE2I98" failures="0" tests="6" name="Test" time="0.349" errors="0" timestamp="2023-07-25T20:47:47 IST">
  <testcase classname="testNGAnnotation_Flags.Flag6" name="st1" time="0.03"/>
  <testcase classname="testNGAnnotation_Flags.Flag6" name="st2" time="0.026"/>
  <testcase classname="testNGAnnotation_Flags.Flag6" name="st3" time="0.032"/>
  <testcase classname="testNGAnnotation_Flags.Flag6" name="st4" time="0.005"/>
  <testcase classname="testNGAnnotation_Flags.Flag6" name="st5" time="0.006"/>
  <testcase classname="testNGAnnotation_Flags.Flag6" name="st6" time="0.011"/>
  <testcase classname="testNGAnnotation_Flags.Flag6" name="ft3" time="0.0">
    <ignored/>
  </testcase> <!-- ft3 -->
  <testcase classname="testNGAnnotation_Flags.Flag6" name="ft1" time="0.0">
    <ignored/>
  </testcase> <!-- ft1 -->
  <testcase classname="testNGAnnotation_Flags.Flag6" name="it2" time="0.0">
    <ignored/>
  </testcase> <!-- it2 -->
  <testcase classname="testNGAnnotation_Flags.Flag6" name="ft4" time="0.0">
    <ignored/>
  </testcase> <!-- ft4 -->
  <testcase classname="testNGAnnotation_Flags.Flag6" name="ft5" time="0.0">
    <ignored/>
  </testcase> <!-- ft5 -->
  <testcase classname="testNGAnnotation_Flags.Flag6" name="it4" time="0.0">
    <ignored/>
  </testcase> <!-- it4 -->
  <testcase classname="testNGAnnotation_Flags.Flag6" name="ft2" time="0.0">
    <ignored/>
  </testcase> <!-- ft2 -->
  <testcase classname="testNGAnnotation_Flags.Flag6" name="it1" time="0.0">
    <ignored/>
  </testcase> <!-- it1 -->
  <testcase classname="testNGAnnotation_Flags.Flag6" name="it6" time="0.0">
    <ignored/>
  </testcase> <!-- it6 -->
  <testcase classname="testNGAnnotation_Flags.Flag6" name="it3" time="0.0">
    <ignored/>
  </testcase> <!-- it3 -->
  <testcase classname="testNGAnnotation_Flags.Flag6" name="ft6" time="0.0">
    <ignored/>
  </testcase> <!-- ft6 -->
  <testcase classname="testNGAnnotation_Flags.Flag6" name="it5" time="0.0">
    <ignored/>
  </testcase> <!-- it5 -->
</testsuite> <!-- Test -->
